{"D:\\ReactLab\\App\\reactLab\\src\\store.js": {"path":"D:\\ReactLab\\App\\reactLab\\src\\store.js","statementMap":{"0":{"start":{"line":4,"column":14},"end":{"line":8,"column":2}}},"fnMap":{},"branchMap":{},"s":{"0":2},"f":{},"b":{},"_coverageSchema":"1a1c01bbd47fc00a2c39e90264f33305004495a9","hash":"f81e29f9544fc39cc21ed72d196edd388422a2ec"}
,"D:\\ReactLab\\App\\reactLab\\src\\components\\Body.js": {"path":"D:\\ReactLab\\App\\reactLab\\src\\components\\Body.js","statementMap":{"0":{"start":{"line":8,"column":13},"end":{"line":72,"column":1}},"1":{"start":{"line":9,"column":38},"end":{"line":9,"column":50}},"2":{"start":{"line":10,"column":40},"end":{"line":10,"column":52}},"3":{"start":{"line":11,"column":54},"end":{"line":11,"column":66}},"4":{"start":{"line":12,"column":19},"end":{"line":12,"column":30}},"5":{"start":{"line":14,"column":2},"end":{"line":16,"column":9}},"6":{"start":{"line":15,"column":4},"end":{"line":15,"column":14}},"7":{"start":{"line":18,"column":2},"end":{"line":24,"column":19}},"8":{"start":{"line":19,"column":4},"end":{"line":23,"column":5}},"9":{"start":{"line":20,"column":6},"end":{"line":20,"column":19}},"10":{"start":{"line":21,"column":11},"end":{"line":23,"column":5}},"11":{"start":{"line":22,"column":6},"end":{"line":22,"column":41}},"12":{"start":{"line":27,"column":17},"end":{"line":29,"column":5}},"13":{"start":{"line":30,"column":23},"end":{"line":30,"column":40}},"14":{"start":{"line":31,"column":4},"end":{"line":31,"column":73}},"15":{"start":{"line":32,"column":4},"end":{"line":32,"column":66}},"16":{"start":{"line":36,"column":29},"end":{"line":38,"column":5}},"17":{"start":{"line":37,"column":6},"end":{"line":37,"column":79}},"18":{"start":{"line":39,"column":4},"end":{"line":39,"column":44}},"19":{"start":{"line":42,"column":2},"end":{"line":44,"column":3}},"20":{"start":{"line":43,"column":4},"end":{"line":43,"column":75}},"21":{"start":{"line":46,"column":31},"end":{"line":58,"column":3}},"22":{"start":{"line":47,"column":4},"end":{"line":57,"column":6}},"23":{"start":{"line":50,"column":10},"end":{"line":54,"column":12}},"24":{"start":{"line":60,"column":2},"end":{"line":71,"column":4}}},"fnMap":{"0":{"name":"(anonymous_0)","decl":{"start":{"line":8,"column":13},"end":{"line":8,"column":14}},"loc":{"start":{"line":8,"column":19},"end":{"line":72,"column":1}},"line":8},"1":{"name":"(anonymous_1)","decl":{"start":{"line":14,"column":12},"end":{"line":14,"column":13}},"loc":{"start":{"line":14,"column":18},"end":{"line":16,"column":3}},"line":14},"2":{"name":"(anonymous_2)","decl":{"start":{"line":18,"column":12},"end":{"line":18,"column":13}},"loc":{"start":{"line":18,"column":18},"end":{"line":24,"column":3}},"line":18},"3":{"name":"getData","decl":{"start":{"line":26,"column":17},"end":{"line":26,"column":24}},"loc":{"start":{"line":26,"column":27},"end":{"line":33,"column":3}},"line":26},"4":{"name":"filterData","decl":{"start":{"line":35,"column":11},"end":{"line":35,"column":21}},"loc":{"start":{"line":35,"column":24},"end":{"line":40,"column":3}},"line":35},"5":{"name":"(anonymous_5)","decl":{"start":{"line":36,"column":55},"end":{"line":36,"column":56}},"loc":{"start":{"line":37,"column":6},"end":{"line":37,"column":79}},"line":37},"6":{"name":"(anonymous_6)","decl":{"start":{"line":46,"column":31},"end":{"line":46,"column":32}},"loc":{"start":{"line":46,"column":37},"end":{"line":58,"column":3}},"line":46},"7":{"name":"(anonymous_7)","decl":{"start":{"line":49,"column":32},"end":{"line":49,"column":33}},"loc":{"start":{"line":49,"column":42},"end":{"line":55,"column":9}},"line":49}},"branchMap":{"0":{"loc":{"start":{"line":19,"column":4},"end":{"line":23,"column":5}},"type":"if","locations":[{"start":{"line":19,"column":4},"end":{"line":23,"column":5}},{"start":{"line":21,"column":11},"end":{"line":23,"column":5}}],"line":19},"1":{"loc":{"start":{"line":21,"column":11},"end":{"line":23,"column":5}},"type":"if","locations":[{"start":{"line":21,"column":11},"end":{"line":23,"column":5}},{"start":{},"end":{}}],"line":21},"2":{"loc":{"start":{"line":42,"column":2},"end":{"line":44,"column":3}},"type":"if","locations":[{"start":{"line":42,"column":2},"end":{"line":44,"column":3}},{"start":{},"end":{}}],"line":42},"3":{"loc":{"start":{"line":68,"column":9},"end":{"line":68,"column":78}},"type":"cond-expr","locations":[{"start":{"line":68,"column":42},"end":{"line":68,"column":64}},{"start":{"line":68,"column":67},"end":{"line":68,"column":78}}],"line":68}},"s":{"0":1,"1":3,"2":2,"3":2,"4":2,"5":2,"6":1,"7":2,"8":1,"9":0,"10":1,"11":1,"12":1,"13":1,"14":1,"15":1,"16":0,"17":0,"18":0,"19":2,"20":0,"21":2,"22":0,"23":0,"24":2},"f":{"0":3,"1":1,"2":1,"3":1,"4":0,"5":0,"6":0,"7":0},"b":{"0":[0,1],"1":[1,0],"2":[0,2],"3":[0,2]},"_coverageSchema":"1a1c01bbd47fc00a2c39e90264f33305004495a9","hash":"b85c5d6406a306ed9e3ec72ee736e644be3f4e94"}
,"D:\\ReactLab\\App\\reactLab\\src\\components\\Header.js": {"path":"D:\\ReactLab\\App\\reactLab\\src\\components\\Header.js","statementMap":{"0":{"start":{"line":13,"column":15},"end":{"line":86,"column":1}},"1":{"start":{"line":14,"column":46},"end":{"line":14,"column":61}},"2":{"start":{"line":15,"column":26},"end":{"line":15,"column":41}},"3":{"start":{"line":16,"column":18},"end":{"line":16,"column":58}},"4":{"start":{"line":16,"column":37},"end":{"line":16,"column":57}},"5":{"start":{"line":17,"column":2},"end":{"line":17,"column":32}},"6":{"start":{"line":20,"column":2},"end":{"line":85,"column":4}},"7":{"start":{"line":61,"column":14},"end":{"line":71,"column":17}},"8":{"start":{"line":64,"column":16},"end":{"line":64,"column":79}}},"fnMap":{"0":{"name":"(anonymous_0)","decl":{"start":{"line":13,"column":15},"end":{"line":13,"column":16}},"loc":{"start":{"line":13,"column":26},"end":{"line":86,"column":1}},"line":13},"1":{"name":"(anonymous_1)","decl":{"start":{"line":16,"column":30},"end":{"line":16,"column":31}},"loc":{"start":{"line":16,"column":37},"end":{"line":16,"column":57}},"line":16},"2":{"name":"(anonymous_2)","decl":{"start":{"line":60,"column":12},"end":{"line":60,"column":13}},"loc":{"start":{"line":61,"column":14},"end":{"line":71,"column":17}},"line":61},"3":{"name":"(anonymous_3)","decl":{"start":{"line":63,"column":23},"end":{"line":63,"column":24}},"loc":{"start":{"line":64,"column":16},"end":{"line":64,"column":79}},"line":64}},"branchMap":{},"s":{"0":1,"1":2,"2":2,"3":2,"4":2,"5":2,"6":2,"7":2,"8":0},"f":{"0":2,"1":2,"2":2,"3":0},"b":{},"_coverageSchema":"1a1c01bbd47fc00a2c39e90264f33305004495a9","hash":"affca1e74288cf39ad195ac1085882479b33c0ae"}
}
