{"D:\\Namaste Series\\App\\swiggy-clone\\src\\components\\Body.js": {"path":"D:\\Namaste Series\\App\\swiggy-clone\\src\\components\\Body.js","statementMap":{"0":{"start":{"line":7,"column":13},"end":{"line":90,"column":1}},"1":{"start":{"line":8,"column":38},"end":{"line":8,"column":50}},"2":{"start":{"line":9,"column":40},"end":{"line":9,"column":52}},"3":{"start":{"line":10,"column":54},"end":{"line":10,"column":66}},"4":{"start":{"line":11,"column":40},"end":{"line":11,"column":52}},"5":{"start":{"line":12,"column":19},"end":{"line":12,"column":30}},"6":{"start":{"line":14,"column":2},"end":{"line":16,"column":9}},"7":{"start":{"line":15,"column":4},"end":{"line":15,"column":14}},"8":{"start":{"line":18,"column":2},"end":{"line":24,"column":19}},"9":{"start":{"line":19,"column":4},"end":{"line":23,"column":5}},"10":{"start":{"line":20,"column":6},"end":{"line":20,"column":19}},"11":{"start":{"line":21,"column":11},"end":{"line":23,"column":5}},"12":{"start":{"line":22,"column":6},"end":{"line":22,"column":41}},"13":{"start":{"line":27,"column":17},"end":{"line":29,"column":5}},"14":{"start":{"line":30,"column":23},"end":{"line":30,"column":40}},"15":{"start":{"line":31,"column":4},"end":{"line":31,"column":73}},"16":{"start":{"line":32,"column":4},"end":{"line":32,"column":66}},"17":{"start":{"line":33,"column":4},"end":{"line":33,"column":67}},"18":{"start":{"line":37,"column":29},"end":{"line":39,"column":5}},"19":{"start":{"line":38,"column":6},"end":{"line":38,"column":79}},"20":{"start":{"line":40,"column":4},"end":{"line":40,"column":44}},"21":{"start":{"line":43,"column":2},"end":{"line":45,"column":3}},"22":{"start":{"line":44,"column":4},"end":{"line":44,"column":75}},"23":{"start":{"line":47,"column":31},"end":{"line":78,"column":3}},"24":{"start":{"line":48,"column":4},"end":{"line":77,"column":6}},"25":{"start":{"line":66,"column":12},"end":{"line":73,"column":14}},"26":{"start":{"line":80,"column":2},"end":{"line":89,"column":4}}},"fnMap":{"0":{"name":"(anonymous_0)","decl":{"start":{"line":7,"column":13},"end":{"line":7,"column":14}},"loc":{"start":{"line":7,"column":19},"end":{"line":90,"column":1}},"line":7},"1":{"name":"(anonymous_1)","decl":{"start":{"line":14,"column":12},"end":{"line":14,"column":13}},"loc":{"start":{"line":14,"column":18},"end":{"line":16,"column":3}},"line":14},"2":{"name":"(anonymous_2)","decl":{"start":{"line":18,"column":12},"end":{"line":18,"column":13}},"loc":{"start":{"line":18,"column":18},"end":{"line":24,"column":3}},"line":18},"3":{"name":"getData","decl":{"start":{"line":26,"column":17},"end":{"line":26,"column":24}},"loc":{"start":{"line":26,"column":27},"end":{"line":34,"column":3}},"line":26},"4":{"name":"filterData","decl":{"start":{"line":36,"column":11},"end":{"line":36,"column":21}},"loc":{"start":{"line":36,"column":24},"end":{"line":41,"column":3}},"line":36},"5":{"name":"(anonymous_5)","decl":{"start":{"line":37,"column":55},"end":{"line":37,"column":56}},"loc":{"start":{"line":38,"column":6},"end":{"line":38,"column":79}},"line":38},"6":{"name":"(anonymous_6)","decl":{"start":{"line":47,"column":31},"end":{"line":47,"column":32}},"loc":{"start":{"line":47,"column":37},"end":{"line":78,"column":3}},"line":47},"7":{"name":"(anonymous_7)","decl":{"start":{"line":65,"column":34},"end":{"line":65,"column":35}},"loc":{"start":{"line":65,"column":44},"end":{"line":74,"column":11}},"line":65}},"branchMap":{"0":{"loc":{"start":{"line":19,"column":4},"end":{"line":23,"column":5}},"type":"if","locations":[{"start":{"line":19,"column":4},"end":{"line":23,"column":5}},{"start":{"line":21,"column":11},"end":{"line":23,"column":5}}],"line":19},"1":{"loc":{"start":{"line":21,"column":11},"end":{"line":23,"column":5}},"type":"if","locations":[{"start":{"line":21,"column":11},"end":{"line":23,"column":5}},{"start":{},"end":{}}],"line":21},"2":{"loc":{"start":{"line":43,"column":2},"end":{"line":45,"column":3}},"type":"if","locations":[{"start":{"line":43,"column":2},"end":{"line":45,"column":3}},{"start":{},"end":{}}],"line":43},"3":{"loc":{"start":{"line":86,"column":9},"end":{"line":86,"column":78}},"type":"cond-expr","locations":[{"start":{"line":86,"column":42},"end":{"line":86,"column":64}},{"start":{"line":86,"column":67},"end":{"line":86,"column":78}}],"line":86}},"s":{"0":1,"1":3,"2":2,"3":2,"4":2,"5":2,"6":2,"7":1,"8":2,"9":1,"10":0,"11":1,"12":1,"13":1,"14":1,"15":1,"16":1,"17":1,"18":0,"19":0,"20":0,"21":2,"22":0,"23":2,"24":0,"25":0,"26":2},"f":{"0":3,"1":1,"2":1,"3":1,"4":0,"5":0,"6":0,"7":0},"b":{"0":[0,1],"1":[1,0],"2":[0,2],"3":[0,2]},"_coverageSchema":"1a1c01bbd47fc00a2c39e90264f33305004495a9","hash":"5cb2fe73b5e27b459314bd75f6d128093ab5894d"}
,"D:\\Namaste Series\\App\\swiggy-clone\\src\\components\\Header.js": {"path":"D:\\Namaste Series\\App\\swiggy-clone\\src\\components\\Header.js","statementMap":{"0":{"start":{"line":13,"column":15},"end":{"line":97,"column":1}},"1":{"start":{"line":14,"column":46},"end":{"line":14,"column":61}},"2":{"start":{"line":15,"column":26},"end":{"line":15,"column":41}},"3":{"start":{"line":16,"column":20},"end":{"line":16,"column":64}},"4":{"start":{"line":16,"column":43},"end":{"line":16,"column":63}},"5":{"start":{"line":17,"column":2},"end":{"line":17,"column":33}},"6":{"start":{"line":20,"column":23},"end":{"line":22,"column":3}},"7":{"start":{"line":21,"column":4},"end":{"line":21,"column":48}},"8":{"start":{"line":24,"column":2},"end":{"line":96,"column":4}},"9":{"start":{"line":68,"column":12},"end":{"line":78,"column":17}},"10":{"start":{"line":71,"column":16},"end":{"line":71,"column":79}}},"fnMap":{"0":{"name":"(anonymous_0)","decl":{"start":{"line":13,"column":15},"end":{"line":13,"column":16}},"loc":{"start":{"line":13,"column":26},"end":{"line":97,"column":1}},"line":13},"1":{"name":"(anonymous_1)","decl":{"start":{"line":16,"column":32},"end":{"line":16,"column":33}},"loc":{"start":{"line":16,"column":43},"end":{"line":16,"column":63}},"line":16},"2":{"name":"(anonymous_2)","decl":{"start":{"line":20,"column":23},"end":{"line":20,"column":24}},"loc":{"start":{"line":20,"column":27},"end":{"line":22,"column":3}},"line":20},"3":{"name":"(anonymous_3)","decl":{"start":{"line":67,"column":11},"end":{"line":67,"column":12}},"loc":{"start":{"line":68,"column":12},"end":{"line":78,"column":17}},"line":68},"4":{"name":"(anonymous_4)","decl":{"start":{"line":70,"column":23},"end":{"line":70,"column":24}},"loc":{"start":{"line":71,"column":16},"end":{"line":71,"column":79}},"line":71}},"branchMap":{},"s":{"0":1,"1":2,"2":2,"3":2,"4":2,"5":2,"6":2,"7":0,"8":2,"9":2,"10":0},"f":{"0":2,"1":2,"2":0,"3":2,"4":0},"b":{},"_coverageSchema":"1a1c01bbd47fc00a2c39e90264f33305004495a9","hash":"8d34bb72798ba51a08121202df165f187d73a34a"}
,"D:\\Namaste Series\\App\\swiggy-clone\\src\\components\\RestaurantCard\\Card.js": {"path":"D:\\Namaste Series\\App\\swiggy-clone\\src\\components\\RestaurantCard\\Card.js","statementMap":{"0":{"start":{"line":4,"column":23},"end":{"line":49,"column":1}},"1":{"start":{"line":14,"column":24},"end":{"line":14,"column":43}},"2":{"start":{"line":15,"column":2},"end":{"line":48,"column":4}}},"fnMap":{"0":{"name":"(anonymous_0)","decl":{"start":{"line":4,"column":23},"end":{"line":4,"column":24}},"loc":{"start":{"line":13,"column":6},"end":{"line":49,"column":1}},"line":13}},"branchMap":{"0":{"loc":{"start":{"line":18,"column":8},"end":{"line":21,"column":12}},"type":"binary-expr","locations":[{"start":{"line":18,"column":8},"end":{"line":18,"column":14}},{"start":{"line":18,"column":18},"end":{"line":21,"column":12}}],"line":18},"1":{"loc":{"start":{"line":35,"column":8},"end":{"line":44,"column":21}},"type":"cond-expr","locations":[{"start":{"line":36,"column":8},"end":{"line":44,"column":14}},{"start":{"line":44,"column":17},"end":{"line":44,"column":21}}],"line":35}},"s":{"0":1,"1":0,"2":0},"f":{"0":0},"b":{"0":[0,0],"1":[0,0]},"_coverageSchema":"1a1c01bbd47fc00a2c39e90264f33305004495a9","hash":"f5fc4f4b8564290d2eb19545d0b255b66bc5f476"}
,"D:\\Namaste Series\\App\\swiggy-clone\\src\\components\\carousel\\OffersCarousel.js": {"path":"D:\\Namaste Series\\App\\swiggy-clone\\src\\components\\carousel\\OffersCarousel.js","statementMap":{"0":{"start":{"line":5,"column":22},"end":{"line":64,"column":1}},"1":{"start":{"line":6,"column":29},"end":{"line":6,"column":41}},"2":{"start":{"line":8,"column":23},"end":{"line":27,"column":3}},"3":{"start":{"line":9,"column":4},"end":{"line":9,"column":55}},"4":{"start":{"line":10,"column":4},"end":{"line":26,"column":5}},"5":{"start":{"line":12,"column":8},"end":{"line":12,"column":54}},"6":{"start":{"line":13,"column":8},"end":{"line":16,"column":16}},"7":{"start":{"line":14,"column":10},"end":{"line":15,"column":21}},"8":{"start":{"line":17,"column":8},"end":{"line":18,"column":21}},"9":{"start":{"line":19,"column":8},"end":{"line":19,"column":14}},"10":{"start":{"line":21,"column":8},"end":{"line":21,"column":54}},"11":{"start":{"line":22,"column":8},"end":{"line":23,"column":20}},"12":{"start":{"line":25,"column":8},"end":{"line":25,"column":14}},"13":{"start":{"line":29,"column":2},"end":{"line":63,"column":4}},"14":{"start":{"line":35,"column":27},"end":{"line":35,"column":47}},"15":{"start":{"line":44,"column":14},"end":{"line":44,"column":64}},"16":{"start":{"line":49,"column":27},"end":{"line":49,"column":48}}},"fnMap":{"0":{"name":"(anonymous_0)","decl":{"start":{"line":5,"column":22},"end":{"line":5,"column":23}},"loc":{"start":{"line":5,"column":40},"end":{"line":64,"column":1}},"line":5},"1":{"name":"(anonymous_1)","decl":{"start":{"line":8,"column":23},"end":{"line":8,"column":24}},"loc":{"start":{"line":8,"column":33},"end":{"line":27,"column":3}},"line":8},"2":{"name":"(anonymous_2)","decl":{"start":{"line":13,"column":19},"end":{"line":13,"column":20}},"loc":{"start":{"line":13,"column":25},"end":{"line":16,"column":9}},"line":13},"3":{"name":"(anonymous_3)","decl":{"start":{"line":35,"column":21},"end":{"line":35,"column":22}},"loc":{"start":{"line":35,"column":27},"end":{"line":35,"column":47}},"line":35},"4":{"name":"(anonymous_4)","decl":{"start":{"line":43,"column":27},"end":{"line":43,"column":28}},"loc":{"start":{"line":44,"column":14},"end":{"line":44,"column":64}},"line":44},"5":{"name":"(anonymous_5)","decl":{"start":{"line":49,"column":21},"end":{"line":49,"column":22}},"loc":{"start":{"line":49,"column":27},"end":{"line":49,"column":48}},"line":49}},"branchMap":{"0":{"loc":{"start":{"line":10,"column":4},"end":{"line":26,"column":5}},"type":"switch","locations":[{"start":{"line":11,"column":6},"end":{"line":19,"column":14}},{"start":{"line":20,"column":6},"end":{"line":23,"column":20}},{"start":{"line":24,"column":6},"end":{"line":25,"column":14}}],"line":10},"1":{"loc":{"start":{"line":31,"column":7},"end":{"line":61,"column":7}},"type":"cond-expr","locations":[{"start":{"line":32,"column":8},"end":{"line":53,"column":14}},{"start":{"line":55,"column":8},"end":{"line":60,"column":14}}],"line":31}},"s":{"0":1,"1":2,"2":2,"3":0,"4":0,"5":0,"6":0,"7":0,"8":0,"9":0,"10":0,"11":0,"12":0,"13":2,"14":0,"15":0,"16":0},"f":{"0":2,"1":0,"2":0,"3":0,"4":0,"5":0},"b":{"0":[0,0,0],"1":[0,2]},"_coverageSchema":"1a1c01bbd47fc00a2c39e90264f33305004495a9","hash":"f68dace74143242ee253aff515248fa2c7c7ef51"}
}
