TN:
SF:src\components\Body.js
FN:7,(anonymous_0)
FN:14,(anonymous_1)
FN:18,(anonymous_2)
FN:26,getData
FN:36,filterData
FN:37,(anonymous_5)
FN:47,(anonymous_6)
FN:65,(anonymous_7)
FNF:8
FNH:4
FNDA:3,(anonymous_0)
FNDA:1,(anonymous_1)
FNDA:1,(anonymous_2)
FNDA:1,getData
FNDA:0,filterData
FNDA:0,(anonymous_5)
FNDA:0,(anonymous_6)
FNDA:0,(anonymous_7)
DA:7,1
DA:8,3
DA:9,2
DA:10,2
DA:11,2
DA:12,2
DA:14,2
DA:15,1
DA:18,2
DA:19,1
DA:20,0
DA:21,1
DA:22,1
DA:27,1
DA:30,1
DA:31,1
DA:32,1
DA:33,1
DA:37,0
DA:38,0
DA:40,0
DA:43,2
DA:44,0
DA:47,2
DA:48,0
DA:66,0
DA:80,2
LF:27
LH:20
BRDA:19,0,0,0
BRDA:19,0,1,1
BRDA:21,1,0,1
BRDA:21,1,1,0
BRDA:43,2,0,0
BRDA:43,2,1,2
BRDA:86,3,0,0
BRDA:86,3,1,2
BRF:8
BRH:4
end_of_record
TN:
SF:src\components\Header.js
FN:13,(anonymous_0)
FN:16,(anonymous_1)
FN:20,(anonymous_2)
FN:67,(anonymous_3)
FN:70,(anonymous_4)
FNF:5
FNH:3
FNDA:2,(anonymous_0)
FNDA:2,(anonymous_1)
FNDA:0,(anonymous_2)
FNDA:2,(anonymous_3)
FNDA:0,(anonymous_4)
DA:13,1
DA:14,2
DA:15,2
DA:16,2
DA:17,2
DA:20,2
DA:21,0
DA:24,2
DA:68,2
DA:71,0
LF:10
LH:8
BRF:0
BRH:0
end_of_record
TN:
SF:src\components\RestaurantCard\Card.js
FN:4,(anonymous_0)
FNF:1
FNH:0
FNDA:0,(anonymous_0)
DA:4,1
DA:14,0
DA:15,0
LF:3
LH:1
BRDA:18,0,0,0
BRDA:18,0,1,0
BRDA:35,1,0,0
BRDA:35,1,1,0
BRF:4
BRH:0
end_of_record
TN:
SF:src\components\carousel\OffersCarousel.js
FN:5,(anonymous_0)
FN:8,(anonymous_1)
FN:13,(anonymous_2)
FN:35,(anonymous_3)
FN:43,(anonymous_4)
FN:49,(anonymous_5)
FNF:6
FNH:1
FNDA:2,(anonymous_0)
FNDA:0,(anonymous_1)
FNDA:0,(anonymous_2)
FNDA:0,(anonymous_3)
FNDA:0,(anonymous_4)
FNDA:0,(anonymous_5)
DA:5,1
DA:6,2
DA:8,2
DA:9,0
DA:10,0
DA:12,0
DA:13,0
DA:14,0
DA:17,0
DA:19,0
DA:21,0
DA:22,0
DA:25,0
DA:29,2
DA:35,0
DA:44,0
DA:49,0
LF:17
LH:4
BRDA:10,0,0,0
BRDA:10,0,1,0
BRDA:10,0,2,0
BRDA:31,1,0,0
BRDA:31,1,1,2
BRF:5
BRH:1
end_of_record
