TN:
SF:src\constants.js
FNF:0
FNH:0
DA:1,1
DA:3,1
DA:5,1
LF:3
LH:3
BRF:0
BRH:0
end_of_record
TN:
SF:src\components\Header.js
FN:13,(anonymous_0)
FN:16,(anonymous_1)
FN:59,(anonymous_2)
FN:62,(anonymous_3)
FNF:4
FNH:1
FNDA:5,(anonymous_0)
FNDA:0,(anonymous_1)
FNDA:0,(anonymous_2)
FNDA:0,(anonymous_3)
DA:13,1
DA:14,5
DA:15,4
DA:16,4
DA:17,0
DA:20,0
DA:60,0
DA:63,0
LF:8
LH:4
BRF:0
BRH:0
end_of_record
TN:
SF:src\mocks\imgHandler.js
FNF:0
FNH:0
LF:0
LH:0
BRF:0
BRH:0
end_of_record
TN:
SF:src\utils\UserContext.js
FNF:0
FNH:0
DA:3,1
LF:1
LH:1
BRF:0
BRH:0
end_of_record
